make --dry-run --always-make --keep-going --print-directory
make: Entering directory '/mnt/c/Users/news_/42Cadet/Libft'
gcc -Wall -Werror -Wextra   -c -o ft_isalpha.o ft_isalpha.c
 
gcc -Wall -Werror -Wextra   -c -o ft_atoi.o ft_atoi.c
gcc -Wall -Werror -Wextra   -c -o ft_bzero.o ft_bzero.c
gcc -Wall -Werror -Wextra   -c -o ft_calloc.o ft_calloc.c
 
gcc -Wall -Werror -Wextra   -c -o ft_isalnum.o ft_isalnum.c
gcc -Wall -Werror -Wextra   -c -o ft_isascii.o ft_isascii.c
 
gcc -Wall -Werror -Wextra   -c -o ft_isdigit.o ft_isdigit.c
gcc -Wall -Werror -Wextra   -c -o ft_isprint.o ft_isprint.c
 
gcc -Wall -Werror -Wextra   -c -o ft_memcpy.o ft_memcpy.c
gcc -Wall -Werror -Wextra   -c -o ft_memset.o ft_memset.c
gcc -Wall -Werror -Wextra   -c -o ft_strchr.o ft_strchr.c
 
gcc -Wall -Werror -Wextra   -c -o ft_strlcat.o ft_strlcat.c
gcc -Wall -Werror -Wextra   -c -o ft_strlcpy.o ft_strlcpy.c
gcc -Wall -Werror -Wextra   -c -o ft_strlen.o ft_strlen.c
gcc -Wall -Werror -Wextra   -c -o ft_tolower.o ft_tolower.c
 
gcc -Wall -Werror -Wextra   -c -o ft_toupper.o ft_toupper.c
gcc -Wall -Werror -Wextra   -c -o ft_strncmp.o ft_strncmp.c
gcc -Wall -Werror -Wextra   -c -o ft_memmove.o ft_memmove.c
 
gcc -Wall -Werror -Wextra   -c -o ft_memcmp.o ft_memcmp.c
gcc -Wall -Werror -Wextra   -c -o ft_memchr.o ft_memchr.c
 
gcc -Wall -Werror -Wextra   -c -o ft_strdup.o ft_strdup.c
gcc -Wall -Werror -Wextra   -c -o ft_strrchr.o ft_strrchr.c
 
gcc -Wall -Werror -Wextra   -c -o ft_strnstr.o ft_strnstr.c
ar rcs libft.a ft_isalpha.o ft_atoi.o ft_bzero.o ft_calloc.o ft_isalnum.o ft_isalpha.o ft_isascii.o ft_isdigit.o ft_isprint.o ft_memcpy.o ft_memset.o ft_strchr.o ft_strlcat.o ft_strlcpy.o ft_strlen.o ft_tolower.o ft_toupper.o ft_strncmp.o ft_memmove.o ft_memcmp.o ft_memchr.o ft_strdup.o ft_strrchr.o ft_strnstr.o
make: Leaving directory '/mnt/c/Users/news_/42Cadet/Libft'
 
